TN:
SF:scraper.js
FN:12,sortHackerNewsArticles
FN:22,(anonymous_1)
FN:30,extractArticles
FN:33,(anonymous_3)
FN:34,(anonymous_4)
FN:78,validateSorting
FN:82,(anonymous_6)
FN:101,(anonymous_7)
FNF:8
FNH:2
FNDA:1,sortHackerNewsArticles
FNDA:0,(anonymous_1)
FNDA:1,extractArticles
FNDA:0,(anonymous_3)
FNDA:0,(anonymous_4)
FNDA:0,validateSorting
FNDA:0,(anonymous_6)
FNDA:0,(anonymous_7)
DA:9,1
DA:10,1
DA:14,1
DA:15,1
DA:16,1
DA:19,1
DA:22,1
DA:23,0
DA:26,1
DA:27,1
DA:33,1
DA:34,0
DA:35,0
DA:36,0
DA:38,0
DA:40,0
DA:48,0
DA:50,0
DA:52,0
DA:56,1
DA:59,1
DA:62,0
DA:63,0
DA:64,0
DA:67,0
DA:70,0
DA:75,0
DA:82,0
DA:85,0
DA:86,0
DA:88,0
DA:92,0
DA:93,0
DA:98,0
DA:101,0
DA:102,0
DA:105,0
DA:108,1
DA:109,1
DA:112,1
LF:40
LH:15
BRDA:38,0,0,0
BRDA:38,0,1,0
BRDA:38,1,0,0
BRDA:38,1,1,0
BRDA:64,2,0,0
BRDA:64,2,1,0
BRF:6
BRH:0
end_of_record
TN:
SF:server.js
FN:24,(anonymous_0)
FN:35,(anonymous_1)
FNF:2
FNH:2
FNDA:1,(anonymous_0)
FNDA:1,(anonymous_1)
DA:5,1
DA:6,1
DA:12,1
DA:20,1
DA:21,1
DA:24,1
DA:25,1
DA:26,1
DA:27,0
DA:29,1
DA:35,1
DA:36,1
LF:12
LH:11
BRF:0
BRH:0
end_of_record
TN:
SF:utils.js
FN:3,convertTimeToMilliseconds
FN:25,arraysAreEqual
FNF:2
FNH:0
FNDA:0,convertTimeToMilliseconds
FNDA:0,arraysAreEqual
DA:4,0
DA:5,0
DA:6,0
DA:9,0
DA:10,0
DA:12,0
DA:13,0
DA:15,0
DA:16,0
DA:18,0
DA:19,0
DA:29,0
DA:30,0
DA:31,0
DA:36,0
DA:37,0
DA:38,0
DA:39,0
DA:44,0
DA:47,1
LF:20
LH:1
BRDA:9,0,0,0
BRDA:9,0,1,0
BRDA:9,1,0,0
BRDA:9,1,1,0
BRDA:12,2,0,0
BRDA:12,2,1,0
BRDA:12,3,0,0
BRDA:12,3,1,0
BRDA:15,4,0,0
BRDA:15,4,1,0
BRDA:15,5,0,0
BRDA:15,5,1,0
BRDA:18,6,0,0
BRDA:18,6,1,0
BRDA:18,7,0,0
BRDA:18,7,1,0
BRDA:29,8,0,0
BRDA:29,8,1,0
BRDA:37,9,0,0
BRDA:37,9,1,0
BRF:20
BRH:0
end_of_record
